  Map.cpp
d:\с++\проект\графическое приложение\граф-прил\граф-прил\map.cpp(66): warning C4244: инициализация: преобразование "T" в "int", возможна потеря данных
          with
          [
              T=float
          ]
d:\с++\проект\графическое приложение\граф-прил\граф-прил\map.cpp(67): warning C4244: инициализация: преобразование "T" в "int", возможна потеря данных
          with
          [
              T=float
          ]
  Province.cpp
d:\с++\проект\графическое приложение\граф-прил\граф-прил\province.cpp(15): warning C4244: аргумент: преобразование "time_t" в "unsigned int", возможна потеря данных
  main.cpp
d:\с++\проект\графическое приложение\граф-прил\граф-прил\main.cpp(94): warning C4244: аргумент: преобразование "float" в "unsigned int", возможна потеря данных
d:\с++\проект\графическое приложение\граф-прил\граф-прил\main.cpp(97): warning C4244: аргумент: преобразование "unsigned int" в "T", возможна потеря данных
          with
          [
              T=float
          ]
d:\с++\проект\графическое приложение\граф-прил\граф-прил\main.cpp(151): warning C4244: =: преобразование "double" в "float", возможна потеря данных
d:\с++\проект\графическое приложение\граф-прил\граф-прил\main.cpp(153): warning C4244: аргумент: преобразование "double" в "float", возможна потеря данных
d:\с++\проект\графическое приложение\граф-прил\граф-прил\main.cpp(160): warning C4244: =: преобразование "double" в "float", возможна потеря данных
d:\с++\проект\графическое приложение\граф-прил\граф-прил\main.cpp(162): warning C4244: аргумент: преобразование "double" в "float", возможна потеря данных
d:\с++\проект\графическое приложение\граф-прил\граф-прил\main.cpp(294): warning C4244: =: преобразование "int" в "float", возможна потеря данных
d:\с++\проект\графическое приложение\граф-прил\граф-прил\main.cpp(296): warning C4244: =: преобразование "int" в "float", возможна потеря данных
d:\с++\проект\графическое приложение\граф-прил\граф-прил\main.cpp(299): warning C4244: =: преобразование "int" в "float", возможна потеря данных
d:\с++\проект\графическое приложение\граф-прил\граф-прил\main.cpp(301): warning C4244: =: преобразование "int" в "float", возможна потеря данных
d:\с++\проект\графическое приложение\граф-прил\граф-прил\main.cpp(403): warning C4244: аргумент: преобразование "int" в "T", возможна потеря данных
          with
          [
              T=float
          ]
d:\с++\проект\графическое приложение\граф-прил\граф-прил\main.cpp(404): warning C4244: аргумент: преобразование "int" в "T", возможна потеря данных
          with
          [
              T=float
          ]
d:\с++\проект\графическое приложение\граф-прил\граф-прил\main.cpp(417): warning C4244: аргумент: преобразование "int" в "T", возможна потеря данных
          with
          [
              T=float
          ]
d:\с++\проект\графическое приложение\граф-прил\граф-прил\main.cpp(418): warning C4244: аргумент: преобразование "int" в "T", возможна потеря данных
          with
          [
              T=float
          ]
  Создание кода...
  Граф-Прил.vcxproj -> D:\С++\Проект\Графическое приложение\Граф-Прил\x64\Debug\Граф-Прил.exe
